<?xml version="1.0" encoding="UTF-8"?>
<coverage generated="1711663497903" clover="3.2.0">
  <project timestamp="1711663497903" name="All files">
    <metrics statements="293" coveredstatements="292" conditionals="86" coveredconditionals="84" methods="55" coveredmethods="54" elements="434" coveredelements="430" complexity="0" loc="293" ncloc="293" packages="5" files="14" classes="14"/>
    <package name="JoblyApp">
      <metrics statements="50" coveredstatements="49" conditionals="18" coveredconditionals="16" methods="9" coveredmethods="8"/>
      <file name="app.js" path="/Users/samuelmyung/rithm/exercises/JoblyApp/app.js">
        <metrics statements="23" coveredstatements="23" conditionals="2" coveredconditionals="2" methods="2" coveredmethods="2"/>
        <line num="5" count="4" type="stmt"/>
        <line num="6" count="4" type="stmt"/>
        <line num="8" count="4" type="stmt"/>
        <line num="10" count="4" type="stmt"/>
        <line num="11" count="4" type="stmt"/>
        <line num="12" count="4" type="stmt"/>
        <line num="13" count="4" type="stmt"/>
        <line num="15" count="4" type="stmt"/>
        <line num="17" count="4" type="stmt"/>
        <line num="19" count="4" type="stmt"/>
        <line num="20" count="4" type="stmt"/>
        <line num="21" count="4" type="stmt"/>
        <line num="22" count="4" type="stmt"/>
        <line num="24" count="4" type="stmt"/>
        <line num="25" count="4" type="stmt"/>
        <line num="26" count="4" type="stmt"/>
        <line num="30" count="4" type="stmt"/>
        <line num="31" count="2" type="stmt"/>
        <line num="35" count="4" type="stmt"/>
        <line num="36" count="39" type="cond" truecount="2" falsecount="0"/>
        <line num="39" count="39" type="stmt"/>
        <line num="41" count="39" type="stmt"/>
        <line num="46" count="4" type="stmt"/>
      </file>
      <file name="config.js" path="/Users/samuelmyung/rithm/exercises/JoblyApp/config.js">
        <metrics statements="9" coveredstatements="9" conditionals="12" coveredconditionals="12" methods="1" coveredmethods="1"/>
        <line num="5" count="9" type="stmt"/>
        <line num="6" count="9" type="stmt"/>
        <line num="8" count="9" type="cond" truecount="2" falsecount="0"/>
        <line num="10" count="9" type="cond" truecount="2" falsecount="0"/>
        <line num="14" count="10" type="cond" truecount="2" falsecount="0"/>
        <line num="21" count="9" type="cond" truecount="2" falsecount="0"/>
        <line num="23" count="9" type="cond" truecount="2" falsecount="0"/>
        <line num="24" count="1" type="stmt"/>
        <line num="34" count="9" type="stmt"/>
      </file>
      <file name="db.js" path="/Users/samuelmyung/rithm/exercises/JoblyApp/db.js">
        <metrics statements="10" coveredstatements="10" conditionals="0" coveredconditionals="0" methods="1" coveredmethods="1"/>
        <line num="5" count="6" type="stmt"/>
        <line num="6" count="6" type="stmt"/>
        <line num="8" count="6" type="stmt"/>
        <line num="10" count="6" type="stmt"/>
        <line num="16" count="6" type="stmt"/>
        <line num="17" count="6" type="stmt"/>
        <line num="18" count="6" type="stmt"/>
        <line num="19" count="6" type="stmt"/>
        <line num="25" count="6" type="stmt"/>
        <line num="27" count="6" type="stmt"/>
      </file>
      <file name="expressError.js" path="/Users/samuelmyung/rithm/exercises/JoblyApp/expressError.js">
        <metrics statements="8" coveredstatements="7" conditionals="4" coveredconditionals="2" methods="5" coveredmethods="4"/>
        <line num="11" count="55" type="stmt"/>
        <line num="12" count="55" type="stmt"/>
        <line num="13" count="55" type="stmt"/>
        <line num="21" count="14" type="stmt"/>
        <line num="29" count="21" type="stmt"/>
        <line num="37" count="20" type="stmt"/>
        <line num="45" count="0" type="stmt"/>
        <line num="49" count="8" type="stmt"/>
      </file>
    </package>
    <package name="JoblyApp.helpers">
      <metrics statements="12" coveredstatements="12" conditionals="4" coveredconditionals="4" methods="3" coveredmethods="3"/>
      <file name="sql.js" path="/Users/samuelmyung/rithm/exercises/JoblyApp/helpers/sql.js">
        <metrics statements="7" coveredstatements="7" conditionals="4" coveredconditionals="4" methods="2" coveredmethods="2"/>
        <line num="3" count="7" type="stmt"/>
        <line num="17" count="16" type="stmt"/>
        <line num="18" count="16" type="cond" truecount="2" falsecount="0"/>
        <line num="21" count="13" type="stmt"/>
        <line num="22" count="26" type="cond" truecount="2" falsecount="0"/>
        <line num="25" count="13" type="stmt"/>
        <line num="33" count="7" type="stmt"/>
      </file>
      <file name="tokens.js" path="/Users/samuelmyung/rithm/exercises/JoblyApp/helpers/tokens.js">
        <metrics statements="5" coveredstatements="5" conditionals="0" coveredconditionals="0" methods="1" coveredmethods="1"/>
        <line num="3" count="5" type="stmt"/>
        <line num="4" count="5" type="stmt"/>
        <line num="9" count="13" type="stmt"/>
        <line num="14" count="13" type="stmt"/>
        <line num="17" count="5" type="stmt"/>
      </file>
    </package>
    <package name="JoblyApp.middleware">
      <metrics statements="17" coveredstatements="17" conditionals="13" coveredconditionals="13" methods="4" coveredmethods="4"/>
      <file name="auth.js" path="/Users/samuelmyung/rithm/exercises/JoblyApp/middleware/auth.js">
        <metrics statements="17" coveredstatements="17" conditionals="13" coveredconditionals="13" methods="4" coveredmethods="4"/>
        <line num="5" count="5" type="stmt"/>
        <line num="6" count="5" type="stmt"/>
        <line num="7" count="5" type="stmt"/>
        <line num="19" count="62" type="stmt"/>
        <line num="20" count="62" type="cond" truecount="2" falsecount="0"/>
        <line num="21" count="35" type="stmt"/>
        <line num="23" count="35" type="stmt"/>
        <line num="24" count="35" type="stmt"/>
        <line num="29" count="62" type="stmt"/>
        <line num="39" count="3" type="cond" truecount="2" falsecount="0"/>
        <line num="40" count="2" type="stmt"/>
        <line num="49" count="23" type="cond" truecount="4" falsecount="0"/>
        <line num="50" count="9" type="stmt"/>
        <line num="59" count="17" type="cond" truecount="2" falsecount="0"/>
        <line num="62" count="11" type="stmt"/>
        <line num="63" count="6" type="stmt"/>
        <line num="67" count="5" type="stmt"/>
      </file>
    </package>
    <package name="JoblyApp.models">
      <metrics statements="93" coveredstatements="93" conditionals="33" coveredconditionals="33" methods="16" coveredmethods="16"/>
      <file name="_testCommon.js" path="/Users/samuelmyung/rithm/exercises/JoblyApp/models/_testCommon.js">
        <metrics statements="11" coveredstatements="11" conditionals="0" coveredconditionals="0" methods="4" coveredmethods="4"/>
        <line num="3" count="2" type="stmt"/>
        <line num="5" count="2" type="stmt"/>
        <line num="6" count="2" type="stmt"/>
        <line num="10" count="2" type="stmt"/>
        <line num="12" count="2" type="stmt"/>
        <line num="14" count="2" type="stmt"/>
        <line num="20" count="2" type="stmt"/>
        <line num="35" count="33" type="stmt"/>
        <line num="39" count="33" type="stmt"/>
        <line num="43" count="2" type="stmt"/>
        <line num="47" count="2" type="stmt"/>
      </file>
      <file name="company.js" path="/Users/samuelmyung/rithm/exercises/JoblyApp/models/company.js">
        <metrics statements="42" coveredstatements="42" conditionals="19" coveredconditionals="19" methods="6" coveredmethods="6"/>
        <line num="3" count="5" type="stmt"/>
        <line num="4" count="5" type="stmt"/>
        <line num="5" count="5" type="stmt"/>
        <line num="23" count="10" type="stmt"/>
        <line num="24" count="10" type="stmt"/>
        <line num="26" count="10" type="cond" truecount="2" falsecount="0"/>
        <line num="27" count="4" type="stmt"/>
        <line num="28" count="4" type="stmt"/>
        <line num="31" count="10" type="cond" truecount="2" falsecount="0"/>
        <line num="32" count="4" type="stmt"/>
        <line num="33" count="4" type="stmt"/>
        <line num="36" count="10" type="cond" truecount="2" falsecount="0"/>
        <line num="37" count="3" type="stmt"/>
        <line num="38" count="3" type="stmt"/>
        <line num="41" count="10" type="cond" truecount="2" falsecount="0"/>
        <line num="44" count="10" type="stmt"/>
        <line num="62" count="13" type="stmt"/>
        <line num="67" count="13" type="cond" truecount="2" falsecount="0"/>
        <line num="68" count="1" type="stmt"/>
        <line num="70" count="12" type="stmt"/>
        <line num="90" count="12" type="stmt"/>
        <line num="92" count="12" type="stmt"/>
        <line num="107" count="10" type="cond" truecount="2" falsecount="0"/>
        <line num="108" count="2" type="stmt"/>
        <line num="110" count="8" type="stmt"/>
        <line num="112" count="8" type="stmt"/>
        <line num="121" count="8" type="stmt"/>
        <line num="133" count="5" type="stmt"/>
        <line num="142" count="5" type="stmt"/>
        <line num="144" count="5" type="cond" truecount="2" falsecount="0"/>
        <line num="146" count="3" type="stmt"/>
        <line num="162" count="6" type="stmt"/>
        <line num="168" count="5" type="stmt"/>
        <line num="170" count="5" type="stmt"/>
        <line num="180" count="5" type="stmt"/>
        <line num="181" count="5" type="stmt"/>
        <line num="183" count="5" type="cond" truecount="2" falsecount="0"/>
        <line num="185" count="3" type="stmt"/>
        <line num="194" count="4" type="stmt"/>
        <line num="199" count="4" type="stmt"/>
        <line num="201" count="4" type="cond" truecount="2" falsecount="0"/>
        <line num="206" count="5" type="stmt"/>
      </file>
      <file name="user.js" path="/Users/samuelmyung/rithm/exercises/JoblyApp/models/user.js">
        <metrics statements="40" coveredstatements="40" conditionals="14" coveredconditionals="14" methods="6" coveredmethods="6"/>
        <line num="3" count="5" type="stmt"/>
        <line num="4" count="5" type="stmt"/>
        <line num="5" count="5" type="stmt"/>
        <line num="10" count="5" type="stmt"/>
        <line num="12" count="5" type="stmt"/>
        <line num="26" count="7" type="stmt"/>
        <line num="37" count="7" type="stmt"/>
        <line num="39" count="7" type="cond" truecount="2" falsecount="0"/>
        <line num="41" count="4" type="stmt"/>
        <line num="42" count="4" type="cond" truecount="2" falsecount="0"/>
        <line num="43" count="3" type="stmt"/>
        <line num="44" count="3" type="stmt"/>
        <line num="48" count="4" type="stmt"/>
        <line num="60" count="19" type="stmt"/>
        <line num="66" count="19" type="cond" truecount="2" falsecount="0"/>
        <line num="67" count="1" type="stmt"/>
        <line num="70" count="18" type="stmt"/>
        <line num="72" count="18" type="stmt"/>
        <line num="96" count="18" type="stmt"/>
        <line num="98" count="18" type="stmt"/>
        <line num="107" count="2" type="stmt"/>
        <line num="117" count="2" type="stmt"/>
        <line num="129" count="5" type="stmt"/>
        <line num="139" count="5" type="stmt"/>
        <line num="141" count="5" type="cond" truecount="2" falsecount="0"/>
        <line num="143" count="3" type="stmt"/>
        <line num="164" count="8" type="cond" truecount="2" falsecount="0"/>
        <line num="165" count="2" type="stmt"/>
        <line num="168" count="8" type="stmt"/>
        <line num="175" count="7" type="stmt"/>
        <line num="177" count="7" type="stmt"/>
        <line num="186" count="7" type="stmt"/>
        <line num="187" count="7" type="stmt"/>
        <line num="189" count="7" type="cond" truecount="2" falsecount="0"/>
        <line num="191" count="5" type="stmt"/>
        <line num="192" count="5" type="stmt"/>
        <line num="198" count="5" type="stmt"/>
        <line num="204" count="5" type="stmt"/>
        <line num="206" count="5" type="cond" truecount="2" falsecount="0"/>
        <line num="211" count="5" type="stmt"/>
      </file>
    </package>
    <package name="JoblyApp.routes">
      <metrics statements="121" coveredstatements="121" conditionals="18" coveredconditionals="18" methods="23" coveredmethods="23"/>
      <file name="_testCommon.js" path="/Users/samuelmyung/rithm/exercises/JoblyApp/routes/_testCommon.js">
        <metrics statements="19" coveredstatements="19" conditionals="0" coveredconditionals="0" methods="4" coveredmethods="4"/>
        <line num="3" count="3" type="stmt"/>
        <line num="4" count="3" type="stmt"/>
        <line num="5" count="3" type="stmt"/>
        <line num="6" count="3" type="stmt"/>
        <line num="10" count="3" type="stmt"/>
        <line num="12" count="3" type="stmt"/>
        <line num="14" count="3" type="stmt"/>
        <line num="22" count="3" type="stmt"/>
        <line num="30" count="3" type="stmt"/>
        <line num="39" count="3" type="stmt"/>
        <line num="47" count="3" type="stmt"/>
        <line num="55" count="3" type="stmt"/>
        <line num="63" count="3" type="stmt"/>
        <line num="74" count="57" type="stmt"/>
        <line num="78" count="57" type="stmt"/>
        <line num="82" count="3" type="stmt"/>
        <line num="86" count="3" type="stmt"/>
        <line num="87" count="3" type="stmt"/>
        <line num="90" count="3" type="stmt"/>
      </file>
      <file name="auth.js" path="/Users/samuelmyung/rithm/exercises/JoblyApp/routes/auth.js">
        <metrics statements="26" coveredstatements="26" conditionals="4" coveredconditionals="4" methods="4" coveredmethods="4"/>
        <line num="5" count="4" type="stmt"/>
        <line num="7" count="4" type="stmt"/>
        <line num="8" count="4" type="stmt"/>
        <line num="9" count="4" type="stmt"/>
        <line num="10" count="4" type="stmt"/>
        <line num="11" count="4" type="stmt"/>
        <line num="12" count="4" type="stmt"/>
        <line num="13" count="4" type="stmt"/>
        <line num="22" count="4" type="stmt"/>
        <line num="23" count="5" type="stmt"/>
        <line num="28" count="5" type="cond" truecount="2" falsecount="0"/>
        <line num="29" count="2" type="stmt"/>
        <line num="30" count="2" type="stmt"/>
        <line num="33" count="3" type="stmt"/>
        <line num="34" count="3" type="stmt"/>
        <line num="35" count="1" type="stmt"/>
        <line num="36" count="1" type="stmt"/>
        <line num="49" count="4" type="stmt"/>
        <line num="50" count="3" type="stmt"/>
        <line num="55" count="3" type="cond" truecount="2" falsecount="0"/>
        <line num="56" count="5" type="stmt"/>
        <line num="57" count="2" type="stmt"/>
        <line num="60" count="1" type="stmt"/>
        <line num="61" count="1" type="stmt"/>
        <line num="62" count="1" type="stmt"/>
        <line num="66" count="4" type="stmt"/>
      </file>
      <file name="companies.js" path="/Users/samuelmyung/rithm/exercises/JoblyApp/routes/companies.js">
        <metrics statements="42" coveredstatements="42" conditionals="10" coveredconditionals="10" methods="8" coveredmethods="8"/>
        <line num="5" count="4" type="stmt"/>
        <line num="6" count="4" type="stmt"/>
        <line num="8" count="4" type="stmt"/>
        <line num="9" count="4" type="stmt"/>
        <line num="10" count="4" type="stmt"/>
        <line num="12" count="4" type="stmt"/>
        <line num="13" count="4" type="stmt"/>
        <line num="14" count="4" type="stmt"/>
        <line num="16" count="4" type="stmt"/>
        <line num="28" count="4" type="stmt"/>
        <line num="29" count="3" type="stmt"/>
        <line num="34" count="3" type="cond" truecount="2" falsecount="0"/>
        <line num="35" count="3" type="stmt"/>
        <line num="36" count="2" type="stmt"/>
        <line num="39" count="1" type="stmt"/>
        <line num="40" count="1" type="stmt"/>
        <line num="54" count="4" type="stmt"/>
        <line num="55" count="6" type="stmt"/>
        <line num="56" count="6" type="cond" truecount="2" falsecount="0"/>
        <line num="57" count="3" type="stmt"/>
        <line num="59" count="6" type="cond" truecount="2" falsecount="0"/>
        <line num="60" count="1" type="stmt"/>
        <line num="63" count="6" type="stmt"/>
        <line num="68" count="6" type="cond" truecount="2" falsecount="0"/>
        <line num="69" count="2" type="stmt"/>
        <line num="70" count="2" type="stmt"/>
        <line num="73" count="4" type="stmt"/>
        <line num="75" count="3" type="stmt"/>
        <line num="86" count="4" type="stmt"/>
        <line num="87" count="3" type="stmt"/>
        <line num="88" count="2" type="stmt"/>
        <line num="102" count="4" type="stmt"/>
        <line num="105" count="4" type="stmt"/>
        <line num="110" count="4" type="cond" truecount="2" falsecount="0"/>
        <line num="111" count="2" type="stmt"/>
        <line num="112" count="2" type="stmt"/>
        <line num="115" count="2" type="stmt"/>
        <line num="116" count="1" type="stmt"/>
        <line num="124" count="4" type="stmt"/>
        <line num="127" count="2" type="stmt"/>
        <line num="128" count="1" type="stmt"/>
        <line num="132" count="4" type="stmt"/>
      </file>
      <file name="users.js" path="/Users/samuelmyung/rithm/exercises/JoblyApp/routes/users.js">
        <metrics statements="34" coveredstatements="34" conditionals="4" coveredconditionals="4" methods="7" coveredmethods="7"/>
        <line num="5" count="4" type="stmt"/>
        <line num="7" count="4" type="stmt"/>
        <line num="10" count="4" type="stmt"/>
        <line num="11" count="4" type="stmt"/>
        <line num="12" count="4" type="stmt"/>
        <line num="13" count="4" type="stmt"/>
        <line num="14" count="4" type="stmt"/>
        <line num="15" count="4" type="stmt"/>
        <line num="17" count="4" type="stmt"/>
        <line num="32" count="4" type="stmt"/>
        <line num="33" count="4" type="stmt"/>
        <line num="38" count="4" type="cond" truecount="2" falsecount="0"/>
        <line num="39" count="5" type="stmt"/>
        <line num="40" count="2" type="stmt"/>
        <line num="43" count="2" type="stmt"/>
        <line num="44" count="2" type="stmt"/>
        <line num="45" count="2" type="stmt"/>
        <line num="56" count="4" type="stmt"/>
        <line num="57" count="1" type="stmt"/>
        <line num="58" count="1" type="stmt"/>
        <line num="69" count="4" type="stmt"/>
        <line num="70" count="3" type="stmt"/>
        <line num="71" count="2" type="stmt"/>
        <line num="85" count="4" type="stmt"/>
        <line num="86" count="5" type="stmt"/>
        <line num="91" count="5" type="cond" truecount="2" falsecount="0"/>
        <line num="92" count="1" type="stmt"/>
        <line num="93" count="1" type="stmt"/>
        <line num="96" count="4" type="stmt"/>
        <line num="97" count="3" type="stmt"/>
        <line num="106" count="4" type="stmt"/>
        <line num="107" count="3" type="stmt"/>
        <line num="108" count="2" type="stmt"/>
        <line num="112" count="4" type="stmt"/>
      </file>
    </package>
  </project>
</coverage>
