{"/Users/samuelmyung/rithm/exercises/JoblyApp/app.js": {"path":"/Users/samuelmyung/rithm/exercises/JoblyApp/app.js","statementMap":{"0":{"start":{"line":5,"column":16},"end":{"line":5,"column":34}},"1":{"start":{"line":6,"column":13},"end":{"line":6,"column":28}},"2":{"start":{"line":8,"column":26},"end":{"line":8,"column":51}},"3":{"start":{"line":10,"column":28},"end":{"line":10,"column":56}},"4":{"start":{"line":11,"column":19},"end":{"line":11,"column":43}},"5":{"start":{"line":12,"column":24},"end":{"line":12,"column":53}},"6":{"start":{"line":13,"column":20},"end":{"line":13,"column":45}},"7":{"start":{"line":15,"column":15},"end":{"line":15,"column":32}},"8":{"start":{"line":17,"column":12},"end":{"line":17,"column":21}},"9":{"start":{"line":19,"column":0},"end":{"line":19,"column":16}},"10":{"start":{"line":20,"column":0},"end":{"line":20,"column":24}},"11":{"start":{"line":21,"column":0},"end":{"line":21,"column":24}},"12":{"start":{"line":22,"column":0},"end":{"line":22,"column":25}},"13":{"start":{"line":24,"column":0},"end":{"line":24,"column":29}},"14":{"start":{"line":25,"column":0},"end":{"line":25,"column":39}},"15":{"start":{"line":26,"column":0},"end":{"line":26,"column":31}},"16":{"start":{"line":30,"column":0},"end":{"line":32,"column":3}},"17":{"start":{"line":31,"column":2},"end":{"line":31,"column":28}},"18":{"start":{"line":35,"column":0},"end":{"line":44,"column":3}},"19":{"start":{"line":36,"column":2},"end":{"line":36,"column":64}},"20":{"start":{"line":36,"column":39},"end":{"line":36,"column":64}},"21":{"start":{"line":39,"column":18},"end":{"line":39,"column":29}},"22":{"start":{"line":41,"column":2},"end":{"line":43,"column":5}},"23":{"start":{"line":46,"column":0},"end":{"line":46,"column":21}}},"fnMap":{"0":{"name":"(anonymous_0)","decl":{"start":{"line":30,"column":8},"end":{"line":30,"column":9}},"loc":{"start":{"line":30,"column":34},"end":{"line":32,"column":1}},"line":30},"1":{"name":"(anonymous_1)","decl":{"start":{"line":35,"column":8},"end":{"line":35,"column":9}},"loc":{"start":{"line":35,"column":39},"end":{"line":44,"column":1}},"line":35}},"branchMap":{"0":{"loc":{"start":{"line":36,"column":2},"end":{"line":36,"column":64}},"type":"if","locations":[{"start":{"line":36,"column":2},"end":{"line":36,"column":64}},{"start":{},"end":{}}],"line":36}},"s":{"0":4,"1":4,"2":4,"3":4,"4":4,"5":4,"6":4,"7":4,"8":4,"9":4,"10":4,"11":4,"12":4,"13":4,"14":4,"15":4,"16":4,"17":2,"18":4,"19":39,"20":1,"21":39,"22":39,"23":4},"f":{"0":2,"1":39},"b":{"0":[1,38]},"_coverageSchema":"1a1c01bbd47fc00a2c39e90264f33305004495a9","hash":"2913ea45f43a386e90a7c471b207992f3fa0cd5b"}
,"/Users/samuelmyung/rithm/exercises/JoblyApp/config.js": {"path":"/Users/samuelmyung/rithm/exercises/JoblyApp/config.js","statementMap":{"0":{"start":{"line":5,"column":0},"end":{"line":5,"column":27}},"1":{"start":{"line":6,"column":0},"end":{"line":6,"column":18}},"2":{"start":{"line":8,"column":19},"end":{"line":8,"column":57}},"3":{"start":{"line":10,"column":13},"end":{"line":10,"column":38}},"4":{"start":{"line":14,"column":2},"end":{"line":16,"column":58}},"5":{"start":{"line":21,"column":27},"end":{"line":21,"column":67}},"6":{"start":{"line":23,"column":0},"end":{"line":32,"column":1}},"7":{"start":{"line":24,"column":2},"end":{"line":31,"column":6}},"8":{"start":{"line":34,"column":0},"end":{"line":39,"column":2}}},"fnMap":{"0":{"name":"getDatabaseUri","decl":{"start":{"line":13,"column":9},"end":{"line":13,"column":23}},"loc":{"start":{"line":13,"column":26},"end":{"line":17,"column":1}},"line":13}},"branchMap":{"0":{"loc":{"start":{"line":8,"column":19},"end":{"line":8,"column":57}},"type":"binary-expr","locations":[{"start":{"line":8,"column":19},"end":{"line":8,"column":41}},{"start":{"line":8,"column":45},"end":{"line":8,"column":57}}],"line":8},"1":{"loc":{"start":{"line":10,"column":13},"end":{"line":10,"column":38}},"type":"binary-expr","locations":[{"start":{"line":10,"column":13},"end":{"line":10,"column":30}},{"start":{"line":10,"column":34},"end":{"line":10,"column":38}}],"line":10},"2":{"loc":{"start":{"line":14,"column":9},"end":{"line":16,"column":57}},"type":"cond-expr","locations":[{"start":{"line":15,"column":8},"end":{"line":15,"column":34}},{"start":{"line":16,"column":8},"end":{"line":16,"column":57}}],"line":14},"3":{"loc":{"start":{"line":16,"column":8},"end":{"line":16,"column":57}},"type":"binary-expr","locations":[{"start":{"line":16,"column":8},"end":{"line":16,"column":32}},{"start":{"line":16,"column":36},"end":{"line":16,"column":57}}],"line":16},"4":{"loc":{"start":{"line":21,"column":27},"end":{"line":21,"column":67}},"type":"cond-expr","locations":[{"start":{"line":21,"column":61},"end":{"line":21,"column":62}},{"start":{"line":21,"column":65},"end":{"line":21,"column":67}}],"line":21},"5":{"loc":{"start":{"line":23,"column":0},"end":{"line":32,"column":1}},"type":"if","locations":[{"start":{"line":23,"column":0},"end":{"line":32,"column":1}},{"start":{},"end":{}}],"line":23}},"s":{"0":9,"1":9,"2":9,"3":9,"4":10,"5":9,"6":9,"7":1,"8":9},"f":{"0":10},"b":{"0":[9,8],"1":[9,8],"2":[7,3],"3":[3,1],"4":[8,1],"5":[1,8]},"_coverageSchema":"1a1c01bbd47fc00a2c39e90264f33305004495a9","hash":"89023d26e23a8086e16224925b1a70ddec066109"}
,"/Users/samuelmyung/rithm/exercises/JoblyApp/db.js": {"path":"/Users/samuelmyung/rithm/exercises/JoblyApp/db.js","statementMap":{"0":{"start":{"line":5,"column":19},"end":{"line":5,"column":32}},"1":{"start":{"line":6,"column":27},"end":{"line":6,"column":46}},"2":{"start":{"line":8,"column":20},"end":{"line":8,"column":36}},"3":{"start":{"line":10,"column":11},"end":{"line":12,"column":2}},"4":{"start":{"line":16,"column":25},"end":{"line":16,"column":43}},"5":{"start":{"line":17,"column":2},"end":{"line":23,"column":3}},"6":{"start":{"line":18,"column":4},"end":{"line":18,"column":23}},"7":{"start":{"line":19,"column":4},"end":{"line":19,"column":39}},"8":{"start":{"line":25,"column":0},"end":{"line":25,"column":12}},"9":{"start":{"line":27,"column":0},"end":{"line":27,"column":20}}},"fnMap":{"0":{"name":"connectDb","decl":{"start":{"line":14,"column":15},"end":{"line":14,"column":24}},"loc":{"start":{"line":14,"column":27},"end":{"line":24,"column":1}},"line":14}},"branchMap":{},"s":{"0":6,"1":6,"2":6,"3":6,"4":6,"5":6,"6":6,"7":6,"8":6,"9":6},"f":{"0":6},"b":{},"_coverageSchema":"1a1c01bbd47fc00a2c39e90264f33305004495a9","hash":"c774374ac61cf66340de880a34947c1a4d041b3d"}
,"/Users/samuelmyung/rithm/exercises/JoblyApp/expressError.js": {"path":"/Users/samuelmyung/rithm/exercises/JoblyApp/expressError.js","statementMap":{"0":{"start":{"line":11,"column":4},"end":{"line":11,"column":12}},"1":{"start":{"line":12,"column":4},"end":{"line":12,"column":27}},"2":{"start":{"line":13,"column":4},"end":{"line":13,"column":25}},"3":{"start":{"line":21,"column":4},"end":{"line":21,"column":24}},"4":{"start":{"line":29,"column":4},"end":{"line":29,"column":24}},"5":{"start":{"line":37,"column":4},"end":{"line":37,"column":24}},"6":{"start":{"line":45,"column":4},"end":{"line":45,"column":24}},"7":{"start":{"line":49,"column":0},"end":{"line":55,"column":2}}},"fnMap":{"0":{"name":"(anonymous_0)","decl":{"start":{"line":10,"column":2},"end":{"line":10,"column":3}},"loc":{"start":{"line":10,"column":31},"end":{"line":14,"column":3}},"line":10},"1":{"name":"(anonymous_1)","decl":{"start":{"line":20,"column":2},"end":{"line":20,"column":3}},"loc":{"start":{"line":20,"column":37},"end":{"line":22,"column":3}},"line":20},"2":{"name":"(anonymous_2)","decl":{"start":{"line":28,"column":2},"end":{"line":28,"column":3}},"loc":{"start":{"line":28,"column":40},"end":{"line":30,"column":3}},"line":28},"3":{"name":"(anonymous_3)","decl":{"start":{"line":36,"column":2},"end":{"line":36,"column":3}},"loc":{"start":{"line":36,"column":39},"end":{"line":38,"column":3}},"line":36},"4":{"name":"(anonymous_4)","decl":{"start":{"line":44,"column":2},"end":{"line":44,"column":3}},"loc":{"start":{"line":44,"column":37},"end":{"line":46,"column":3}},"line":44}},"branchMap":{"0":{"loc":{"start":{"line":20,"column":14},"end":{"line":20,"column":35}},"type":"default-arg","locations":[{"start":{"line":20,"column":24},"end":{"line":20,"column":35}}],"line":20},"1":{"loc":{"start":{"line":28,"column":14},"end":{"line":28,"column":38}},"type":"default-arg","locations":[{"start":{"line":28,"column":24},"end":{"line":28,"column":38}}],"line":28},"2":{"loc":{"start":{"line":36,"column":14},"end":{"line":36,"column":37}},"type":"default-arg","locations":[{"start":{"line":36,"column":24},"end":{"line":36,"column":37}}],"line":36},"3":{"loc":{"start":{"line":44,"column":14},"end":{"line":44,"column":35}},"type":"default-arg","locations":[{"start":{"line":44,"column":24},"end":{"line":44,"column":35}}],"line":44}},"s":{"0":55,"1":55,"2":55,"3":14,"4":21,"5":20,"6":0,"7":8},"f":{"0":55,"1":14,"2":21,"3":20,"4":0},"b":{"0":[2],"1":[17],"2":[0],"3":[0]},"_coverageSchema":"1a1c01bbd47fc00a2c39e90264f33305004495a9","hash":"bb2b7e30b1c54c45421a96b877952a52a9fc277a"}
,"/Users/samuelmyung/rithm/exercises/JoblyApp/helpers/sql.js": {"path":"/Users/samuelmyung/rithm/exercises/JoblyApp/helpers/sql.js","statementMap":{"0":{"start":{"line":3,"column":28},"end":{"line":3,"column":54}},"1":{"start":{"line":17,"column":15},"end":{"line":17,"column":40}},"2":{"start":{"line":18,"column":2},"end":{"line":18,"column":62}},"3":{"start":{"line":18,"column":25},"end":{"line":18,"column":62}},"4":{"start":{"line":21,"column":15},"end":{"line":23,"column":3}},"5":{"start":{"line":22,"column":4},"end":{"line":22,"column":50}},"6":{"start":{"line":25,"column":2},"end":{"line":30,"column":4}},"7":{"start":{"line":33,"column":0},"end":{"line":33,"column":41}}},"fnMap":{"0":{"name":"sqlForPartialUpdate","decl":{"start":{"line":15,"column":9},"end":{"line":15,"column":28}},"loc":{"start":{"line":15,"column":52},"end":{"line":31,"column":1}},"line":15},"1":{"name":"(anonymous_1)","decl":{"start":{"line":21,"column":24},"end":{"line":21,"column":25}},"loc":{"start":{"line":22,"column":4},"end":{"line":22,"column":50}},"line":22}},"branchMap":{"0":{"loc":{"start":{"line":18,"column":2},"end":{"line":18,"column":62}},"type":"if","locations":[{"start":{"line":18,"column":2},"end":{"line":18,"column":62}},{"start":{},"end":{}}],"line":18},"1":{"loc":{"start":{"line":22,"column":8},"end":{"line":22,"column":35}},"type":"binary-expr","locations":[{"start":{"line":22,"column":8},"end":{"line":22,"column":24}},{"start":{"line":22,"column":28},"end":{"line":22,"column":35}}],"line":22}},"s":{"0":7,"1":16,"2":16,"3":3,"4":13,"5":26,"6":13,"7":7},"f":{"0":16,"1":26},"b":{"0":[3,13],"1":[26,12]},"_coverageSchema":"1a1c01bbd47fc00a2c39e90264f33305004495a9","hash":"f1aff4f97c268c078d5bffaa9aa1b4827aaf8689"}
,"/Users/samuelmyung/rithm/exercises/JoblyApp/helpers/tokens.js": {"path":"/Users/samuelmyung/rithm/exercises/JoblyApp/helpers/tokens.js","statementMap":{"0":{"start":{"line":3,"column":12},"end":{"line":3,"column":35}},"1":{"start":{"line":4,"column":23},"end":{"line":4,"column":43}},"2":{"start":{"line":9,"column":16},"end":{"line":12,"column":3}},"3":{"start":{"line":14,"column":2},"end":{"line":14,"column":39}},"4":{"start":{"line":17,"column":0},"end":{"line":17,"column":33}}},"fnMap":{"0":{"name":"createToken","decl":{"start":{"line":8,"column":9},"end":{"line":8,"column":20}},"loc":{"start":{"line":8,"column":27},"end":{"line":15,"column":1}},"line":8}},"branchMap":{},"s":{"0":5,"1":5,"2":13,"3":13,"4":5},"f":{"0":13},"b":{},"_coverageSchema":"1a1c01bbd47fc00a2c39e90264f33305004495a9","hash":"539a170ad7c2da065104d93572030cbabce07419"}
,"/Users/samuelmyung/rithm/exercises/JoblyApp/middleware/auth.js": {"path":"/Users/samuelmyung/rithm/exercises/JoblyApp/middleware/auth.js","statementMap":{"0":{"start":{"line":5,"column":12},"end":{"line":5,"column":35}},"1":{"start":{"line":6,"column":23},"end":{"line":6,"column":43}},"2":{"start":{"line":7,"column":30},"end":{"line":7,"column":56}},"3":{"start":{"line":19,"column":21},"end":{"line":19,"column":47}},"4":{"start":{"line":20,"column":2},"end":{"line":28,"column":3}},"5":{"start":{"line":21,"column":18},"end":{"line":21,"column":62}},"6":{"start":{"line":23,"column":4},"end":{"line":27,"column":5}},"7":{"start":{"line":24,"column":6},"end":{"line":24,"column":54}},"8":{"start":{"line":29,"column":2},"end":{"line":29,"column":16}},"9":{"start":{"line":39,"column":2},"end":{"line":39,"column":47}},"10":{"start":{"line":39,"column":33},"end":{"line":39,"column":47}},"11":{"start":{"line":40,"column":2},"end":{"line":40,"column":32}},"12":{"start":{"line":49,"column":2},"end":{"line":49,"column":84}},"13":{"start":{"line":49,"column":70},"end":{"line":49,"column":84}},"14":{"start":{"line":50,"column":2},"end":{"line":50,"column":32}},"15":{"start":{"line":59,"column":2},"end":{"line":62,"column":16}},"16":{"start":{"line":62,"column":2},"end":{"line":62,"column":16}},"17":{"start":{"line":63,"column":2},"end":{"line":63,"column":32}},"18":{"start":{"line":67,"column":0},"end":{"line":72,"column":2}}},"fnMap":{"0":{"name":"authenticateJWT","decl":{"start":{"line":18,"column":9},"end":{"line":18,"column":24}},"loc":{"start":{"line":18,"column":41},"end":{"line":31,"column":1}},"line":18},"1":{"name":"ensureLoggedIn","decl":{"start":{"line":38,"column":9},"end":{"line":38,"column":23}},"loc":{"start":{"line":38,"column":40},"end":{"line":41,"column":1}},"line":38},"2":{"name":"ensureAdmin","decl":{"start":{"line":48,"column":9},"end":{"line":48,"column":20}},"loc":{"start":{"line":48,"column":37},"end":{"line":51,"column":1}},"line":48},"3":{"name":"ensureCorrectUserOrAdmin","decl":{"start":{"line":58,"column":9},"end":{"line":58,"column":33}},"loc":{"start":{"line":58,"column":50},"end":{"line":64,"column":1}},"line":58}},"branchMap":{"0":{"loc":{"start":{"line":20,"column":2},"end":{"line":28,"column":3}},"type":"if","locations":[{"start":{"line":20,"column":2},"end":{"line":28,"column":3}},{"start":{},"end":{}}],"line":20},"1":{"loc":{"start":{"line":39,"column":2},"end":{"line":39,"column":47}},"type":"if","locations":[{"start":{"line":39,"column":2},"end":{"line":39,"column":47}},{"start":{},"end":{}}],"line":39},"2":{"loc":{"start":{"line":49,"column":2},"end":{"line":49,"column":84}},"type":"if","locations":[{"start":{"line":49,"column":2},"end":{"line":49,"column":84}},{"start":{},"end":{}}],"line":49},"3":{"loc":{"start":{"line":49,"column":6},"end":{"line":49,"column":68}},"type":"binary-expr","locations":[{"start":{"line":49,"column":6},"end":{"line":49,"column":31}},{"start":{"line":49,"column":35},"end":{"line":49,"column":68}}],"line":49},"4":{"loc":{"start":{"line":59,"column":2},"end":{"line":62,"column":16}},"type":"if","locations":[{"start":{"line":59,"column":2},"end":{"line":62,"column":16}},{"start":{},"end":{}}],"line":59},"5":{"loc":{"start":{"line":60,"column":4},"end":{"line":61,"column":41}},"type":"binary-expr","locations":[{"start":{"line":60,"column":4},"end":{"line":60,"column":29}},{"start":{"line":60,"column":34},"end":{"line":60,"column":83}},{"start":{"line":61,"column":7},"end":{"line":61,"column":40}}],"line":60}},"s":{"0":5,"1":5,"2":5,"3":62,"4":62,"5":35,"6":35,"7":35,"8":62,"9":3,"10":1,"11":2,"12":23,"13":14,"14":9,"15":17,"16":11,"17":6,"18":5},"f":{"0":62,"1":3,"2":23,"3":17},"b":{"0":[35,27],"1":[1,2],"2":[14,9],"3":[23,19],"4":[11,6],"5":[17,14,10]},"_coverageSchema":"1a1c01bbd47fc00a2c39e90264f33305004495a9","hash":"aad428a9a6213f8bb86474bddacc01b9806d6205"}
,"/Users/samuelmyung/rithm/exercises/JoblyApp/models/_testCommon.js": {"path":"/Users/samuelmyung/rithm/exercises/JoblyApp/models/_testCommon.js","statementMap":{"0":{"start":{"line":3,"column":15},"end":{"line":3,"column":32}},"1":{"start":{"line":5,"column":11},"end":{"line":5,"column":30}},"2":{"start":{"line":6,"column":31},"end":{"line":6,"column":51}},"3":{"start":{"line":10,"column":2},"end":{"line":10,"column":42}},"4":{"start":{"line":12,"column":2},"end":{"line":12,"column":38}},"5":{"start":{"line":14,"column":2},"end":{"line":18,"column":57}},"6":{"start":{"line":20,"column":2},"end":{"line":31,"column":5}},"7":{"start":{"line":35,"column":2},"end":{"line":35,"column":26}},"8":{"start":{"line":39,"column":2},"end":{"line":39,"column":29}},"9":{"start":{"line":43,"column":2},"end":{"line":43,"column":17}},"10":{"start":{"line":47,"column":0},"end":{"line":52,"column":2}}},"fnMap":{"0":{"name":"commonBeforeAll","decl":{"start":{"line":8,"column":15},"end":{"line":8,"column":30}},"loc":{"start":{"line":8,"column":33},"end":{"line":32,"column":1}},"line":8},"1":{"name":"commonBeforeEach","decl":{"start":{"line":34,"column":15},"end":{"line":34,"column":31}},"loc":{"start":{"line":34,"column":34},"end":{"line":36,"column":1}},"line":34},"2":{"name":"commonAfterEach","decl":{"start":{"line":38,"column":15},"end":{"line":38,"column":30}},"loc":{"start":{"line":38,"column":33},"end":{"line":40,"column":1}},"line":38},"3":{"name":"commonAfterAll","decl":{"start":{"line":42,"column":15},"end":{"line":42,"column":29}},"loc":{"start":{"line":42,"column":32},"end":{"line":44,"column":1}},"line":42}},"branchMap":{},"s":{"0":2,"1":2,"2":2,"3":2,"4":2,"5":2,"6":2,"7":33,"8":33,"9":2,"10":2},"f":{"0":2,"1":33,"2":33,"3":2},"b":{},"_coverageSchema":"1a1c01bbd47fc00a2c39e90264f33305004495a9","hash":"11b3aea8b930d64db10b12db7fd1d73d8eef2d83"}
,"/Users/samuelmyung/rithm/exercises/JoblyApp/models/company.js": {"path":"/Users/samuelmyung/rithm/exercises/JoblyApp/models/company.js","statementMap":{"0":{"start":{"line":3,"column":11},"end":{"line":3,"column":27}},"1":{"start":{"line":4,"column":43},"end":{"line":4,"column":69}},"2":{"start":{"line":5,"column":32},"end":{"line":5,"column":57}},"3":{"start":{"line":23,"column":17},"end":{"line":23,"column":19}},"4":{"start":{"line":24,"column":19},"end":{"line":24,"column":21}},"5":{"start":{"line":26,"column":4},"end":{"line":29,"column":5}},"6":{"start":{"line":27,"column":6},"end":{"line":27,"column":35}},"7":{"start":{"line":28,"column":6},"end":{"line":28,"column":48}},"8":{"start":{"line":31,"column":4},"end":{"line":34,"column":5}},"9":{"start":{"line":32,"column":6},"end":{"line":32,"column":32}},"10":{"start":{"line":33,"column":6},"end":{"line":33,"column":53}},"11":{"start":{"line":36,"column":4},"end":{"line":39,"column":5}},"12":{"start":{"line":37,"column":6},"end":{"line":37,"column":32}},"13":{"start":{"line":38,"column":6},"end":{"line":38,"column":53}},"14":{"start":{"line":41,"column":18},"end":{"line":42,"column":40}},"15":{"start":{"line":44,"column":4},"end":{"line":47,"column":6}},"16":{"start":{"line":62,"column":27},"end":{"line":65,"column":37}},"17":{"start":{"line":67,"column":4},"end":{"line":68,"column":64}},"18":{"start":{"line":68,"column":6},"end":{"line":68,"column":64}},"19":{"start":{"line":70,"column":19},"end":{"line":89,"column":5}},"20":{"start":{"line":90,"column":20},"end":{"line":90,"column":34}},"21":{"start":{"line":92,"column":4},"end":{"line":92,"column":19}},"22":{"start":{"line":107,"column":4},"end":{"line":109,"column":5}},"23":{"start":{"line":108,"column":6},"end":{"line":108,"column":95}},"24":{"start":{"line":110,"column":32},"end":{"line":110,"column":61}},"25":{"start":{"line":112,"column":25},"end":{"line":120,"column":31}},"26":{"start":{"line":121,"column":4},"end":{"line":121,"column":29}},"27":{"start":{"line":133,"column":23},"end":{"line":140,"column":37}},"28":{"start":{"line":142,"column":20},"end":{"line":142,"column":38}},"29":{"start":{"line":144,"column":4},"end":{"line":144,"column":67}},"30":{"start":{"line":144,"column":18},"end":{"line":144,"column":67}},"31":{"start":{"line":146,"column":4},"end":{"line":146,"column":19}},"32":{"start":{"line":162,"column":32},"end":{"line":167,"column":8}},"33":{"start":{"line":168,"column":25},"end":{"line":168,"column":50}},"34":{"start":{"line":170,"column":21},"end":{"line":179,"column":34}},"35":{"start":{"line":180,"column":19},"end":{"line":180,"column":64}},"36":{"start":{"line":181,"column":20},"end":{"line":181,"column":34}},"37":{"start":{"line":183,"column":4},"end":{"line":183,"column":67}},"38":{"start":{"line":183,"column":18},"end":{"line":183,"column":67}},"39":{"start":{"line":185,"column":4},"end":{"line":185,"column":19}},"40":{"start":{"line":194,"column":19},"end":{"line":198,"column":36}},"41":{"start":{"line":199,"column":20},"end":{"line":199,"column":34}},"42":{"start":{"line":201,"column":4},"end":{"line":201,"column":67}},"43":{"start":{"line":201,"column":18},"end":{"line":201,"column":67}},"44":{"start":{"line":206,"column":0},"end":{"line":206,"column":25}}},"fnMap":{"0":{"name":"(anonymous_0)","decl":{"start":{"line":22,"column":2},"end":{"line":22,"column":3}},"loc":{"start":{"line":22,"column":65},"end":{"line":49,"column":3}},"line":22},"1":{"name":"(anonymous_1)","decl":{"start":{"line":61,"column":2},"end":{"line":61,"column":3}},"loc":{"start":{"line":61,"column":76},"end":{"line":93,"column":3}},"line":61},"2":{"name":"(anonymous_2)","decl":{"start":{"line":106,"column":2},"end":{"line":106,"column":3}},"loc":{"start":{"line":106,"column":39},"end":{"line":122,"column":3}},"line":106},"3":{"name":"(anonymous_3)","decl":{"start":{"line":132,"column":2},"end":{"line":132,"column":3}},"loc":{"start":{"line":132,"column":27},"end":{"line":147,"column":3}},"line":132},"4":{"name":"(anonymous_4)","decl":{"start":{"line":161,"column":2},"end":{"line":161,"column":3}},"loc":{"start":{"line":161,"column":36},"end":{"line":186,"column":3}},"line":161},"5":{"name":"(anonymous_5)","decl":{"start":{"line":193,"column":2},"end":{"line":193,"column":3}},"loc":{"start":{"line":193,"column":30},"end":{"line":202,"column":3}},"line":193}},"branchMap":{"0":{"loc":{"start":{"line":26,"column":4},"end":{"line":29,"column":5}},"type":"if","locations":[{"start":{"line":26,"column":4},"end":{"line":29,"column":5}},{"start":{},"end":{}}],"line":26},"1":{"loc":{"start":{"line":31,"column":4},"end":{"line":34,"column":5}},"type":"if","locations":[{"start":{"line":31,"column":4},"end":{"line":34,"column":5}},{"start":{},"end":{}}],"line":31},"2":{"loc":{"start":{"line":36,"column":4},"end":{"line":39,"column":5}},"type":"if","locations":[{"start":{"line":36,"column":4},"end":{"line":39,"column":5}},{"start":{},"end":{}}],"line":36},"3":{"loc":{"start":{"line":41,"column":18},"end":{"line":42,"column":40}},"type":"cond-expr","locations":[{"start":{"line":42,"column":6},"end":{"line":42,"column":35}},{"start":{"line":42,"column":38},"end":{"line":42,"column":40}}],"line":41},"4":{"loc":{"start":{"line":67,"column":4},"end":{"line":68,"column":64}},"type":"if","locations":[{"start":{"line":67,"column":4},"end":{"line":68,"column":64}},{"start":{},"end":{}}],"line":67},"5":{"loc":{"start":{"line":106,"column":23},"end":{"line":106,"column":37}},"type":"default-arg","locations":[{"start":{"line":106,"column":35},"end":{"line":106,"column":37}}],"line":106},"6":{"loc":{"start":{"line":107,"column":4},"end":{"line":109,"column":5}},"type":"if","locations":[{"start":{"line":107,"column":4},"end":{"line":109,"column":5}},{"start":{},"end":{}}],"line":107},"7":{"loc":{"start":{"line":144,"column":4},"end":{"line":144,"column":67}},"type":"if","locations":[{"start":{"line":144,"column":4},"end":{"line":144,"column":67}},{"start":{},"end":{}}],"line":144},"8":{"loc":{"start":{"line":183,"column":4},"end":{"line":183,"column":67}},"type":"if","locations":[{"start":{"line":183,"column":4},"end":{"line":183,"column":67}},{"start":{},"end":{}}],"line":183},"9":{"loc":{"start":{"line":201,"column":4},"end":{"line":201,"column":67}},"type":"if","locations":[{"start":{"line":201,"column":4},"end":{"line":201,"column":67}},{"start":{},"end":{}}],"line":201}},"s":{"0":5,"1":5,"2":5,"3":10,"4":10,"5":10,"6":4,"7":4,"8":10,"9":4,"10":4,"11":10,"12":3,"13":3,"14":10,"15":10,"16":13,"17":13,"18":1,"19":12,"20":12,"21":12,"22":10,"23":2,"24":8,"25":8,"26":8,"27":5,"28":5,"29":5,"30":2,"31":3,"32":6,"33":5,"34":5,"35":5,"36":5,"37":5,"38":2,"39":3,"40":4,"41":4,"42":4,"43":2,"44":5},"f":{"0":10,"1":13,"2":10,"3":5,"4":6,"5":4},"b":{"0":[4,6],"1":[4,6],"2":[3,7],"3":[7,3],"4":[1,12],"5":[1],"6":[2,8],"7":[2,3],"8":[2,3],"9":[2,2]},"_coverageSchema":"1a1c01bbd47fc00a2c39e90264f33305004495a9","hash":"cc9e115eb83aa8d961ee39da57cb18fcc82ca2a9"}
,"/Users/samuelmyung/rithm/exercises/JoblyApp/models/user.js": {"path":"/Users/samuelmyung/rithm/exercises/JoblyApp/models/user.js","statementMap":{"0":{"start":{"line":3,"column":11},"end":{"line":3,"column":27}},"1":{"start":{"line":4,"column":15},"end":{"line":4,"column":32}},"2":{"start":{"line":5,"column":32},"end":{"line":5,"column":57}},"3":{"start":{"line":10,"column":4},"end":{"line":10,"column":30}},"4":{"start":{"line":12,"column":31},"end":{"line":12,"column":54}},"5":{"start":{"line":26,"column":19},"end":{"line":35,"column":5}},"6":{"start":{"line":37,"column":17},"end":{"line":37,"column":31}},"7":{"start":{"line":39,"column":4},"end":{"line":46,"column":5}},"8":{"start":{"line":41,"column":22},"end":{"line":41,"column":67}},"9":{"start":{"line":42,"column":6},"end":{"line":45,"column":7}},"10":{"start":{"line":43,"column":8},"end":{"line":43,"column":29}},"11":{"start":{"line":44,"column":8},"end":{"line":44,"column":20}},"12":{"start":{"line":48,"column":4},"end":{"line":48,"column":61}},"13":{"start":{"line":60,"column":27},"end":{"line":64,"column":5}},"14":{"start":{"line":66,"column":4},"end":{"line":68,"column":5}},"15":{"start":{"line":67,"column":6},"end":{"line":67,"column":67}},"16":{"start":{"line":70,"column":27},"end":{"line":70,"column":74}},"17":{"start":{"line":72,"column":19},"end":{"line":94,"column":5}},"18":{"start":{"line":96,"column":17},"end":{"line":96,"column":31}},"19":{"start":{"line":98,"column":4},"end":{"line":98,"column":16}},"20":{"start":{"line":107,"column":19},"end":{"line":115,"column":5}},"21":{"start":{"line":117,"column":4},"end":{"line":117,"column":23}},"22":{"start":{"line":129,"column":20},"end":{"line":137,"column":5}},"23":{"start":{"line":139,"column":17},"end":{"line":139,"column":32}},"24":{"start":{"line":141,"column":4},"end":{"line":141,"column":63}},"25":{"start":{"line":141,"column":15},"end":{"line":141,"column":63}},"26":{"start":{"line":143,"column":4},"end":{"line":143,"column":16}},"27":{"start":{"line":164,"column":4},"end":{"line":166,"column":5}},"28":{"start":{"line":165,"column":6},"end":{"line":165,"column":75}},"29":{"start":{"line":168,"column":32},"end":{"line":174,"column":10}},"30":{"start":{"line":175,"column":27},"end":{"line":175,"column":52}},"31":{"start":{"line":177,"column":21},"end":{"line":185,"column":34}},"32":{"start":{"line":186,"column":19},"end":{"line":186,"column":66}},"33":{"start":{"line":187,"column":17},"end":{"line":187,"column":31}},"34":{"start":{"line":189,"column":4},"end":{"line":189,"column":63}},"35":{"start":{"line":189,"column":15},"end":{"line":189,"column":63}},"36":{"start":{"line":191,"column":4},"end":{"line":191,"column":25}},"37":{"start":{"line":192,"column":4},"end":{"line":192,"column":16}},"38":{"start":{"line":198,"column":17},"end":{"line":203,"column":5}},"39":{"start":{"line":204,"column":17},"end":{"line":204,"column":31}},"40":{"start":{"line":206,"column":4},"end":{"line":206,"column":63}},"41":{"start":{"line":206,"column":15},"end":{"line":206,"column":63}},"42":{"start":{"line":211,"column":0},"end":{"line":211,"column":22}}},"fnMap":{"0":{"name":"(anonymous_0)","decl":{"start":{"line":24,"column":2},"end":{"line":24,"column":3}},"loc":{"start":{"line":24,"column":48},"end":{"line":49,"column":3}},"line":24},"1":{"name":"(anonymous_1)","decl":{"start":{"line":58,"column":2},"end":{"line":58,"column":3}},"loc":{"start":{"line":59,"column":67},"end":{"line":99,"column":3}},"line":59},"2":{"name":"(anonymous_2)","decl":{"start":{"line":106,"column":2},"end":{"line":106,"column":3}},"loc":{"start":{"line":106,"column":25},"end":{"line":118,"column":3}},"line":106},"3":{"name":"(anonymous_3)","decl":{"start":{"line":128,"column":2},"end":{"line":128,"column":3}},"loc":{"start":{"line":128,"column":29},"end":{"line":144,"column":3}},"line":128},"4":{"name":"(anonymous_4)","decl":{"start":{"line":163,"column":2},"end":{"line":163,"column":3}},"loc":{"start":{"line":163,"column":38},"end":{"line":193,"column":3}},"line":163},"5":{"name":"(anonymous_5)","decl":{"start":{"line":197,"column":2},"end":{"line":197,"column":3}},"loc":{"start":{"line":197,"column":32},"end":{"line":207,"column":3}},"line":197}},"branchMap":{"0":{"loc":{"start":{"line":39,"column":4},"end":{"line":46,"column":5}},"type":"if","locations":[{"start":{"line":39,"column":4},"end":{"line":46,"column":5}},{"start":{},"end":{}}],"line":39},"1":{"loc":{"start":{"line":42,"column":6},"end":{"line":45,"column":7}},"type":"if","locations":[{"start":{"line":42,"column":6},"end":{"line":45,"column":7}},{"start":{},"end":{}}],"line":42},"2":{"loc":{"start":{"line":66,"column":4},"end":{"line":68,"column":5}},"type":"if","locations":[{"start":{"line":66,"column":4},"end":{"line":68,"column":5}},{"start":{},"end":{}}],"line":66},"3":{"loc":{"start":{"line":141,"column":4},"end":{"line":141,"column":63}},"type":"if","locations":[{"start":{"line":141,"column":4},"end":{"line":141,"column":63}},{"start":{},"end":{}}],"line":141},"4":{"loc":{"start":{"line":164,"column":4},"end":{"line":166,"column":5}},"type":"if","locations":[{"start":{"line":164,"column":4},"end":{"line":166,"column":5}},{"start":{},"end":{}}],"line":164},"5":{"loc":{"start":{"line":189,"column":4},"end":{"line":189,"column":63}},"type":"if","locations":[{"start":{"line":189,"column":4},"end":{"line":189,"column":63}},{"start":{},"end":{}}],"line":189},"6":{"loc":{"start":{"line":206,"column":4},"end":{"line":206,"column":63}},"type":"if","locations":[{"start":{"line":206,"column":4},"end":{"line":206,"column":63}},{"start":{},"end":{}}],"line":206}},"s":{"0":5,"1":5,"2":5,"3":5,"4":5,"5":7,"6":7,"7":7,"8":4,"9":4,"10":3,"11":3,"12":4,"13":19,"14":19,"15":1,"16":18,"17":18,"18":18,"19":18,"20":2,"21":2,"22":5,"23":5,"24":5,"25":2,"26":3,"27":8,"28":2,"29":8,"30":7,"31":7,"32":7,"33":7,"34":7,"35":2,"36":5,"37":5,"38":5,"39":5,"40":5,"41":2,"42":5},"f":{"0":7,"1":19,"2":2,"3":5,"4":8,"5":5},"b":{"0":[4,3],"1":[3,1],"2":[1,18],"3":[2,3],"4":[2,6],"5":[2,5],"6":[2,3]},"_coverageSchema":"1a1c01bbd47fc00a2c39e90264f33305004495a9","hash":"f98769b9ad48168557ee0e52632de1903e622f59"}
,"/Users/samuelmyung/rithm/exercises/JoblyApp/routes/_testCommon.js": {"path":"/Users/samuelmyung/rithm/exercises/JoblyApp/routes/_testCommon.js","statementMap":{"0":{"start":{"line":3,"column":11},"end":{"line":3,"column":30}},"1":{"start":{"line":4,"column":13},"end":{"line":4,"column":38}},"2":{"start":{"line":5,"column":16},"end":{"line":5,"column":44}},"3":{"start":{"line":6,"column":24},"end":{"line":6,"column":52}},"4":{"start":{"line":10,"column":2},"end":{"line":10,"column":38}},"5":{"start":{"line":12,"column":2},"end":{"line":12,"column":42}},"6":{"start":{"line":14,"column":2},"end":{"line":21,"column":9}},"7":{"start":{"line":22,"column":2},"end":{"line":29,"column":9}},"8":{"start":{"line":30,"column":2},"end":{"line":37,"column":9}},"9":{"start":{"line":39,"column":2},"end":{"line":46,"column":5}},"10":{"start":{"line":47,"column":2},"end":{"line":54,"column":5}},"11":{"start":{"line":55,"column":2},"end":{"line":62,"column":5}},"12":{"start":{"line":63,"column":2},"end":{"line":70,"column":5}},"13":{"start":{"line":74,"column":2},"end":{"line":74,"column":26}},"14":{"start":{"line":78,"column":2},"end":{"line":78,"column":29}},"15":{"start":{"line":82,"column":2},"end":{"line":82,"column":17}},"16":{"start":{"line":86,"column":16},"end":{"line":86,"column":63}},"17":{"start":{"line":87,"column":16},"end":{"line":87,"column":62}},"18":{"start":{"line":90,"column":0},"end":{"line":97,"column":2}}},"fnMap":{"0":{"name":"commonBeforeAll","decl":{"start":{"line":8,"column":15},"end":{"line":8,"column":30}},"loc":{"start":{"line":8,"column":33},"end":{"line":71,"column":1}},"line":8},"1":{"name":"commonBeforeEach","decl":{"start":{"line":73,"column":15},"end":{"line":73,"column":31}},"loc":{"start":{"line":73,"column":34},"end":{"line":75,"column":1}},"line":73},"2":{"name":"commonAfterEach","decl":{"start":{"line":77,"column":15},"end":{"line":77,"column":30}},"loc":{"start":{"line":77,"column":33},"end":{"line":79,"column":1}},"line":77},"3":{"name":"commonAfterAll","decl":{"start":{"line":81,"column":15},"end":{"line":81,"column":29}},"loc":{"start":{"line":81,"column":32},"end":{"line":83,"column":1}},"line":81}},"branchMap":{},"s":{"0":3,"1":3,"2":3,"3":3,"4":3,"5":3,"6":3,"7":3,"8":3,"9":3,"10":3,"11":3,"12":3,"13":57,"14":57,"15":3,"16":3,"17":3,"18":3},"f":{"0":3,"1":57,"2":57,"3":3},"b":{},"_coverageSchema":"1a1c01bbd47fc00a2c39e90264f33305004495a9","hash":"b5f9501fac6dc05df3a04a31829e8c185e4df1b7"}
,"/Users/samuelmyung/rithm/exercises/JoblyApp/routes/auth.js": {"path":"/Users/samuelmyung/rithm/exercises/JoblyApp/routes/auth.js","statementMap":{"0":{"start":{"line":5,"column":19},"end":{"line":5,"column":40}},"1":{"start":{"line":7,"column":13},"end":{"line":7,"column":38}},"2":{"start":{"line":8,"column":16},"end":{"line":8,"column":34}},"3":{"start":{"line":9,"column":15},"end":{"line":9,"column":35}},"4":{"start":{"line":10,"column":24},"end":{"line":10,"column":52}},"5":{"start":{"line":11,"column":23},"end":{"line":11,"column":58}},"6":{"start":{"line":12,"column":27},"end":{"line":12,"column":66}},"7":{"start":{"line":13,"column":28},"end":{"line":13,"column":54}},"8":{"start":{"line":22,"column":0},"end":{"line":37,"column":3}},"9":{"start":{"line":23,"column":20},"end":{"line":27,"column":3}},"10":{"start":{"line":28,"column":2},"end":{"line":31,"column":3}},"11":{"start":{"line":29,"column":17},"end":{"line":29,"column":51}},"12":{"start":{"line":29,"column":43},"end":{"line":29,"column":50}},"13":{"start":{"line":30,"column":4},"end":{"line":30,"column":36}},"14":{"start":{"line":33,"column":33},"end":{"line":33,"column":41}},"15":{"start":{"line":34,"column":15},"end":{"line":34,"column":58}},"16":{"start":{"line":35,"column":16},"end":{"line":35,"column":33}},"17":{"start":{"line":36,"column":2},"end":{"line":36,"column":29}},"18":{"start":{"line":49,"column":0},"end":{"line":63,"column":3}},"19":{"start":{"line":50,"column":20},"end":{"line":54,"column":3}},"20":{"start":{"line":55,"column":2},"end":{"line":58,"column":3}},"21":{"start":{"line":56,"column":17},"end":{"line":56,"column":51}},"22":{"start":{"line":56,"column":43},"end":{"line":56,"column":50}},"23":{"start":{"line":57,"column":4},"end":{"line":57,"column":36}},"24":{"start":{"line":60,"column":18},"end":{"line":60,"column":70}},"25":{"start":{"line":61,"column":16},"end":{"line":61,"column":36}},"26":{"start":{"line":62,"column":2},"end":{"line":62,"column":41}},"27":{"start":{"line":66,"column":0},"end":{"line":66,"column":24}}},"fnMap":{"0":{"name":"(anonymous_0)","decl":{"start":{"line":22,"column":22},"end":{"line":22,"column":23}},"loc":{"start":{"line":22,"column":54},"end":{"line":37,"column":1}},"line":22},"1":{"name":"(anonymous_1)","decl":{"start":{"line":29,"column":38},"end":{"line":29,"column":39}},"loc":{"start":{"line":29,"column":43},"end":{"line":29,"column":50}},"line":29},"2":{"name":"(anonymous_2)","decl":{"start":{"line":49,"column":25},"end":{"line":49,"column":26}},"loc":{"start":{"line":49,"column":57},"end":{"line":63,"column":1}},"line":49},"3":{"name":"(anonymous_3)","decl":{"start":{"line":56,"column":38},"end":{"line":56,"column":39}},"loc":{"start":{"line":56,"column":43},"end":{"line":56,"column":50}},"line":56}},"branchMap":{"0":{"loc":{"start":{"line":28,"column":2},"end":{"line":31,"column":3}},"type":"if","locations":[{"start":{"line":28,"column":2},"end":{"line":31,"column":3}},{"start":{},"end":{}}],"line":28},"1":{"loc":{"start":{"line":55,"column":2},"end":{"line":58,"column":3}},"type":"if","locations":[{"start":{"line":55,"column":2},"end":{"line":58,"column":3}},{"start":{},"end":{}}],"line":55}},"s":{"0":4,"1":4,"2":4,"3":4,"4":4,"5":4,"6":4,"7":4,"8":4,"9":5,"10":5,"11":2,"12":2,"13":2,"14":3,"15":3,"16":1,"17":1,"18":4,"19":3,"20":3,"21":2,"22":5,"23":2,"24":1,"25":1,"26":1,"27":4},"f":{"0":5,"1":2,"2":3,"3":5},"b":{"0":[2,3],"1":[2,1]},"_coverageSchema":"1a1c01bbd47fc00a2c39e90264f33305004495a9","hash":"9a866a40e78a295c359278d16029a494510fd67e"}
,"/Users/samuelmyung/rithm/exercises/JoblyApp/routes/companies.js": {"path":"/Users/samuelmyung/rithm/exercises/JoblyApp/routes/companies.js","statementMap":{"0":{"start":{"line":5,"column":19},"end":{"line":5,"column":40}},"1":{"start":{"line":6,"column":16},"end":{"line":6,"column":34}},"2":{"start":{"line":8,"column":28},"end":{"line":8,"column":54}},"3":{"start":{"line":9,"column":24},"end":{"line":9,"column":53}},"4":{"start":{"line":10,"column":16},"end":{"line":10,"column":44}},"5":{"start":{"line":12,"column":25},"end":{"line":12,"column":62}},"6":{"start":{"line":13,"column":28},"end":{"line":13,"column":68}},"7":{"start":{"line":14,"column":28},"end":{"line":14,"column":68}},"8":{"start":{"line":16,"column":15},"end":{"line":16,"column":35}},"9":{"start":{"line":28,"column":0},"end":{"line":41,"column":3}},"10":{"start":{"line":29,"column":20},"end":{"line":33,"column":3}},"11":{"start":{"line":34,"column":2},"end":{"line":37,"column":3}},"12":{"start":{"line":35,"column":17},"end":{"line":35,"column":51}},"13":{"start":{"line":35,"column":43},"end":{"line":35,"column":50}},"14":{"start":{"line":36,"column":4},"end":{"line":36,"column":36}},"15":{"start":{"line":39,"column":18},"end":{"line":39,"column":48}},"16":{"start":{"line":40,"column":2},"end":{"line":40,"column":43}},"17":{"start":{"line":54,"column":0},"end":{"line":76,"column":3}},"18":{"start":{"line":55,"column":13},"end":{"line":55,"column":22}},"19":{"start":{"line":56,"column":2},"end":{"line":58,"column":3}},"20":{"start":{"line":57,"column":4},"end":{"line":57,"column":50}},"21":{"start":{"line":59,"column":2},"end":{"line":62,"column":3}},"22":{"start":{"line":60,"column":4},"end":{"line":60,"column":50}},"23":{"start":{"line":63,"column":20},"end":{"line":67,"column":3}},"24":{"start":{"line":68,"column":2},"end":{"line":71,"column":3}},"25":{"start":{"line":69,"column":17},"end":{"line":69,"column":51}},"26":{"start":{"line":69,"column":43},"end":{"line":69,"column":50}},"27":{"start":{"line":70,"column":4},"end":{"line":70,"column":36}},"28":{"start":{"line":73,"column":20},"end":{"line":73,"column":47}},"29":{"start":{"line":75,"column":2},"end":{"line":75,"column":33}},"30":{"start":{"line":86,"column":0},"end":{"line":89,"column":3}},"31":{"start":{"line":87,"column":18},"end":{"line":87,"column":54}},"32":{"start":{"line":88,"column":2},"end":{"line":88,"column":31}},"33":{"start":{"line":102,"column":0},"end":{"line":117,"column":5}},"34":{"start":{"line":105,"column":22},"end":{"line":109,"column":5}},"35":{"start":{"line":110,"column":4},"end":{"line":113,"column":5}},"36":{"start":{"line":111,"column":19},"end":{"line":111,"column":53}},"37":{"start":{"line":111,"column":45},"end":{"line":111,"column":52}},"38":{"start":{"line":112,"column":6},"end":{"line":112,"column":38}},"39":{"start":{"line":115,"column":20},"end":{"line":115,"column":69}},"40":{"start":{"line":116,"column":4},"end":{"line":116,"column":33}},"41":{"start":{"line":124,"column":0},"end":{"line":129,"column":5}},"42":{"start":{"line":127,"column":4},"end":{"line":127,"column":44}},"43":{"start":{"line":128,"column":4},"end":{"line":128,"column":52}},"44":{"start":{"line":132,"column":0},"end":{"line":132,"column":24}}},"fnMap":{"0":{"name":"(anonymous_0)","decl":{"start":{"line":28,"column":30},"end":{"line":28,"column":31}},"loc":{"start":{"line":28,"column":62},"end":{"line":41,"column":1}},"line":28},"1":{"name":"(anonymous_1)","decl":{"start":{"line":35,"column":38},"end":{"line":35,"column":39}},"loc":{"start":{"line":35,"column":43},"end":{"line":35,"column":50}},"line":35},"2":{"name":"(anonymous_2)","decl":{"start":{"line":54,"column":16},"end":{"line":54,"column":17}},"loc":{"start":{"line":54,"column":48},"end":{"line":76,"column":1}},"line":54},"3":{"name":"(anonymous_3)","decl":{"start":{"line":69,"column":38},"end":{"line":69,"column":39}},"loc":{"start":{"line":69,"column":43},"end":{"line":69,"column":50}},"line":69},"4":{"name":"(anonymous_4)","decl":{"start":{"line":86,"column":23},"end":{"line":86,"column":24}},"loc":{"start":{"line":86,"column":55},"end":{"line":89,"column":1}},"line":86},"5":{"name":"(anonymous_5)","decl":{"start":{"line":104,"column":2},"end":{"line":104,"column":3}},"loc":{"start":{"line":104,"column":34},"end":{"line":117,"column":3}},"line":104},"6":{"name":"(anonymous_6)","decl":{"start":{"line":111,"column":40},"end":{"line":111,"column":41}},"loc":{"start":{"line":111,"column":45},"end":{"line":111,"column":52}},"line":111},"7":{"name":"(anonymous_7)","decl":{"start":{"line":126,"column":2},"end":{"line":126,"column":3}},"loc":{"start":{"line":126,"column":34},"end":{"line":129,"column":3}},"line":126}},"branchMap":{"0":{"loc":{"start":{"line":34,"column":2},"end":{"line":37,"column":3}},"type":"if","locations":[{"start":{"line":34,"column":2},"end":{"line":37,"column":3}},{"start":{},"end":{}}],"line":34},"1":{"loc":{"start":{"line":56,"column":2},"end":{"line":58,"column":3}},"type":"if","locations":[{"start":{"line":56,"column":2},"end":{"line":58,"column":3}},{"start":{},"end":{}}],"line":56},"2":{"loc":{"start":{"line":59,"column":2},"end":{"line":62,"column":3}},"type":"if","locations":[{"start":{"line":59,"column":2},"end":{"line":62,"column":3}},{"start":{},"end":{}}],"line":59},"3":{"loc":{"start":{"line":68,"column":2},"end":{"line":71,"column":3}},"type":"if","locations":[{"start":{"line":68,"column":2},"end":{"line":71,"column":3}},{"start":{},"end":{}}],"line":68},"4":{"loc":{"start":{"line":110,"column":4},"end":{"line":113,"column":5}},"type":"if","locations":[{"start":{"line":110,"column":4},"end":{"line":113,"column":5}},{"start":{},"end":{}}],"line":110}},"s":{"0":4,"1":4,"2":4,"3":4,"4":4,"5":4,"6":4,"7":4,"8":4,"9":4,"10":3,"11":3,"12":2,"13":3,"14":2,"15":1,"16":1,"17":4,"18":6,"19":6,"20":3,"21":6,"22":1,"23":6,"24":6,"25":2,"26":2,"27":2,"28":4,"29":3,"30":4,"31":3,"32":2,"33":4,"34":4,"35":4,"36":2,"37":2,"38":2,"39":2,"40":1,"41":4,"42":2,"43":1,"44":4},"f":{"0":3,"1":3,"2":6,"3":2,"4":3,"5":4,"6":2,"7":2},"b":{"0":[2,1],"1":[3,3],"2":[1,5],"3":[2,4],"4":[2,2]},"_coverageSchema":"1a1c01bbd47fc00a2c39e90264f33305004495a9","hash":"03f8076da227c0ad45225ea7d61f14b61b256352"}
,"/Users/samuelmyung/rithm/exercises/JoblyApp/routes/users.js": {"path":"/Users/samuelmyung/rithm/exercises/JoblyApp/routes/users.js","statementMap":{"0":{"start":{"line":5,"column":19},"end":{"line":5,"column":40}},"1":{"start":{"line":7,"column":16},"end":{"line":7,"column":34}},"2":{"start":{"line":10,"column":2},"end":{"line":10,"column":31}},"3":{"start":{"line":11,"column":28},"end":{"line":11,"column":54}},"4":{"start":{"line":12,"column":13},"end":{"line":12,"column":38}},"5":{"start":{"line":13,"column":24},"end":{"line":13,"column":52}},"6":{"start":{"line":14,"column":22},"end":{"line":14,"column":56}},"7":{"start":{"line":15,"column":25},"end":{"line":15,"column":62}},"8":{"start":{"line":17,"column":15},"end":{"line":17,"column":31}},"9":{"start":{"line":32,"column":0},"end":{"line":46,"column":3}},"10":{"start":{"line":33,"column":20},"end":{"line":37,"column":3}},"11":{"start":{"line":38,"column":2},"end":{"line":41,"column":3}},"12":{"start":{"line":39,"column":17},"end":{"line":39,"column":51}},"13":{"start":{"line":39,"column":43},"end":{"line":39,"column":50}},"14":{"start":{"line":40,"column":4},"end":{"line":40,"column":36}},"15":{"start":{"line":43,"column":15},"end":{"line":43,"column":44}},"16":{"start":{"line":44,"column":16},"end":{"line":44,"column":33}},"17":{"start":{"line":45,"column":2},"end":{"line":45,"column":47}},"18":{"start":{"line":56,"column":0},"end":{"line":59,"column":3}},"19":{"start":{"line":57,"column":16},"end":{"line":57,"column":36}},"20":{"start":{"line":58,"column":2},"end":{"line":58,"column":29}},"21":{"start":{"line":69,"column":0},"end":{"line":72,"column":3}},"22":{"start":{"line":70,"column":15},"end":{"line":70,"column":50}},"23":{"start":{"line":71,"column":2},"end":{"line":71,"column":28}},"24":{"start":{"line":85,"column":0},"end":{"line":98,"column":3}},"25":{"start":{"line":86,"column":20},"end":{"line":90,"column":3}},"26":{"start":{"line":91,"column":2},"end":{"line":94,"column":3}},"27":{"start":{"line":92,"column":17},"end":{"line":92,"column":51}},"28":{"start":{"line":92,"column":43},"end":{"line":92,"column":50}},"29":{"start":{"line":93,"column":4},"end":{"line":93,"column":36}},"30":{"start":{"line":96,"column":15},"end":{"line":96,"column":63}},"31":{"start":{"line":97,"column":2},"end":{"line":97,"column":28}},"32":{"start":{"line":106,"column":0},"end":{"line":109,"column":3}},"33":{"start":{"line":107,"column":2},"end":{"line":107,"column":41}},"34":{"start":{"line":108,"column":2},"end":{"line":108,"column":52}},"35":{"start":{"line":112,"column":0},"end":{"line":112,"column":24}}},"fnMap":{"0":{"name":"(anonymous_0)","decl":{"start":{"line":32,"column":30},"end":{"line":32,"column":31}},"loc":{"start":{"line":32,"column":62},"end":{"line":46,"column":1}},"line":32},"1":{"name":"(anonymous_1)","decl":{"start":{"line":39,"column":38},"end":{"line":39,"column":39}},"loc":{"start":{"line":39,"column":43},"end":{"line":39,"column":50}},"line":39},"2":{"name":"(anonymous_2)","decl":{"start":{"line":56,"column":29},"end":{"line":56,"column":30}},"loc":{"start":{"line":56,"column":61},"end":{"line":59,"column":1}},"line":56},"3":{"name":"(anonymous_3)","decl":{"start":{"line":69,"column":51},"end":{"line":69,"column":52}},"loc":{"start":{"line":69,"column":83},"end":{"line":72,"column":1}},"line":69},"4":{"name":"(anonymous_4)","decl":{"start":{"line":85,"column":53},"end":{"line":85,"column":54}},"loc":{"start":{"line":85,"column":85},"end":{"line":98,"column":1}},"line":85},"5":{"name":"(anonymous_5)","decl":{"start":{"line":92,"column":38},"end":{"line":92,"column":39}},"loc":{"start":{"line":92,"column":43},"end":{"line":92,"column":50}},"line":92},"6":{"name":"(anonymous_6)","decl":{"start":{"line":106,"column":54},"end":{"line":106,"column":55}},"loc":{"start":{"line":106,"column":86},"end":{"line":109,"column":1}},"line":106}},"branchMap":{"0":{"loc":{"start":{"line":38,"column":2},"end":{"line":41,"column":3}},"type":"if","locations":[{"start":{"line":38,"column":2},"end":{"line":41,"column":3}},{"start":{},"end":{}}],"line":38},"1":{"loc":{"start":{"line":91,"column":2},"end":{"line":94,"column":3}},"type":"if","locations":[{"start":{"line":91,"column":2},"end":{"line":94,"column":3}},{"start":{},"end":{}}],"line":91}},"s":{"0":4,"1":4,"2":4,"3":4,"4":4,"5":4,"6":4,"7":4,"8":4,"9":4,"10":4,"11":4,"12":2,"13":5,"14":2,"15":2,"16":2,"17":2,"18":4,"19":1,"20":1,"21":4,"22":3,"23":2,"24":4,"25":5,"26":5,"27":1,"28":1,"29":1,"30":4,"31":3,"32":4,"33":3,"34":2,"35":4},"f":{"0":4,"1":5,"2":1,"3":3,"4":5,"5":1,"6":3},"b":{"0":[2,2],"1":[1,4]},"_coverageSchema":"1a1c01bbd47fc00a2c39e90264f33305004495a9","hash":"c89e98d638ede4b69d9521dbb497dee1c5f2bbcc"}
}
