TN:
SF:app.js
FN:30,(anonymous_0)
FN:35,(anonymous_1)
FNF:2
FNH:2
FNDA:2,(anonymous_0)
FNDA:39,(anonymous_1)
DA:5,4
DA:6,4
DA:8,4
DA:10,4
DA:11,4
DA:12,4
DA:13,4
DA:15,4
DA:17,4
DA:19,4
DA:20,4
DA:21,4
DA:22,4
DA:24,4
DA:25,4
DA:26,4
DA:30,4
DA:31,2
DA:35,4
DA:36,39
DA:39,39
DA:41,39
DA:46,4
LF:23
LH:23
BRDA:36,0,0,1
BRDA:36,0,1,38
BRF:2
BRH:2
end_of_record
TN:
SF:config.js
FN:13,getDatabaseUri
FNF:1
FNH:1
FNDA:10,getDatabaseUri
DA:5,9
DA:6,9
DA:8,9
DA:10,9
DA:14,10
DA:21,9
DA:23,9
DA:24,1
DA:34,9
LF:9
LH:9
BRDA:8,0,0,9
BRDA:8,0,1,8
BRDA:10,1,0,9
BRDA:10,1,1,8
BRDA:14,2,0,7
BRDA:14,2,1,3
BRDA:16,3,0,3
BRDA:16,3,1,1
BRDA:21,4,0,8
BRDA:21,4,1,1
BRDA:23,5,0,1
BRDA:23,5,1,8
BRF:12
BRH:12
end_of_record
TN:
SF:db.js
FN:14,connectDb
FNF:1
FNH:1
FNDA:6,connectDb
DA:5,6
DA:6,6
DA:8,6
DA:10,6
DA:16,6
DA:17,6
DA:18,6
DA:19,6
DA:25,6
DA:27,6
LF:10
LH:10
BRF:0
BRH:0
end_of_record
TN:
SF:expressError.js
FN:10,(anonymous_0)
FN:20,(anonymous_1)
FN:28,(anonymous_2)
FN:36,(anonymous_3)
FN:44,(anonymous_4)
FNF:5
FNH:4
FNDA:55,(anonymous_0)
FNDA:14,(anonymous_1)
FNDA:21,(anonymous_2)
FNDA:20,(anonymous_3)
FNDA:0,(anonymous_4)
DA:11,55
DA:12,55
DA:13,55
DA:21,14
DA:29,21
DA:37,20
DA:45,0
DA:49,8
LF:8
LH:7
BRDA:20,0,0,2
BRDA:28,1,0,17
BRDA:36,2,0,0
BRDA:44,3,0,0
BRF:4
BRH:2
end_of_record
TN:
SF:helpers/sql.js
FN:15,sqlForPartialUpdate
FN:21,(anonymous_1)
FNF:2
FNH:2
FNDA:16,sqlForPartialUpdate
FNDA:26,(anonymous_1)
DA:3,7
DA:17,16
DA:18,16
DA:21,13
DA:22,26
DA:25,13
DA:33,7
LF:7
LH:7
BRDA:18,0,0,3
BRDA:18,0,1,13
BRDA:22,1,0,26
BRDA:22,1,1,12
BRF:4
BRH:4
end_of_record
TN:
SF:helpers/tokens.js
FN:8,createToken
FNF:1
FNH:1
FNDA:13,createToken
DA:3,5
DA:4,5
DA:9,13
DA:14,13
DA:17,5
LF:5
LH:5
BRF:0
BRH:0
end_of_record
TN:
SF:middleware/auth.js
FN:18,authenticateJWT
FN:38,ensureLoggedIn
FN:48,ensureAdmin
FN:58,ensureCorrectUserOrAdmin
FNF:4
FNH:4
FNDA:62,authenticateJWT
FNDA:3,ensureLoggedIn
FNDA:23,ensureAdmin
FNDA:17,ensureCorrectUserOrAdmin
DA:5,5
DA:6,5
DA:7,5
DA:19,62
DA:20,62
DA:21,35
DA:23,35
DA:24,35
DA:29,62
DA:39,3
DA:40,2
DA:49,23
DA:50,9
DA:59,17
DA:62,11
DA:63,6
DA:67,5
LF:17
LH:17
BRDA:20,0,0,35
BRDA:20,0,1,27
BRDA:39,1,0,1
BRDA:39,1,1,2
BRDA:49,2,0,14
BRDA:49,2,1,9
BRDA:49,3,0,23
BRDA:49,3,1,19
BRDA:59,4,0,11
BRDA:59,4,1,6
BRDA:60,5,0,17
BRDA:60,5,1,14
BRDA:60,5,2,10
BRF:13
BRH:13
end_of_record
TN:
SF:models/_testCommon.js
FN:8,commonBeforeAll
FN:34,commonBeforeEach
FN:38,commonAfterEach
FN:42,commonAfterAll
FNF:4
FNH:4
FNDA:2,commonBeforeAll
FNDA:33,commonBeforeEach
FNDA:33,commonAfterEach
FNDA:2,commonAfterAll
DA:3,2
DA:5,2
DA:6,2
DA:10,2
DA:12,2
DA:14,2
DA:20,2
DA:35,33
DA:39,33
DA:43,2
DA:47,2
LF:11
LH:11
BRF:0
BRH:0
end_of_record
TN:
SF:models/company.js
FN:22,(anonymous_0)
FN:61,(anonymous_1)
FN:106,(anonymous_2)
FN:132,(anonymous_3)
FN:161,(anonymous_4)
FN:193,(anonymous_5)
FNF:6
FNH:6
FNDA:10,(anonymous_0)
FNDA:13,(anonymous_1)
FNDA:10,(anonymous_2)
FNDA:5,(anonymous_3)
FNDA:6,(anonymous_4)
FNDA:4,(anonymous_5)
DA:3,5
DA:4,5
DA:5,5
DA:23,10
DA:24,10
DA:26,10
DA:27,4
DA:28,4
DA:31,10
DA:32,4
DA:33,4
DA:36,10
DA:37,3
DA:38,3
DA:41,10
DA:44,10
DA:62,13
DA:67,13
DA:68,1
DA:70,12
DA:90,12
DA:92,12
DA:107,10
DA:108,2
DA:110,8
DA:112,8
DA:121,8
DA:133,5
DA:142,5
DA:144,5
DA:146,3
DA:162,6
DA:168,5
DA:170,5
DA:180,5
DA:181,5
DA:183,5
DA:185,3
DA:194,4
DA:199,4
DA:201,4
DA:206,5
LF:42
LH:42
BRDA:26,0,0,4
BRDA:26,0,1,6
BRDA:31,1,0,4
BRDA:31,1,1,6
BRDA:36,2,0,3
BRDA:36,2,1,7
BRDA:41,3,0,7
BRDA:41,3,1,3
BRDA:67,4,0,1
BRDA:67,4,1,12
BRDA:106,5,0,1
BRDA:107,6,0,2
BRDA:107,6,1,8
BRDA:144,7,0,2
BRDA:144,7,1,3
BRDA:183,8,0,2
BRDA:183,8,1,3
BRDA:201,9,0,2
BRDA:201,9,1,2
BRF:19
BRH:19
end_of_record
TN:
SF:models/user.js
FN:24,(anonymous_0)
FN:58,(anonymous_1)
FN:106,(anonymous_2)
FN:128,(anonymous_3)
FN:163,(anonymous_4)
FN:197,(anonymous_5)
FNF:6
FNH:6
FNDA:7,(anonymous_0)
FNDA:19,(anonymous_1)
FNDA:2,(anonymous_2)
FNDA:5,(anonymous_3)
FNDA:8,(anonymous_4)
FNDA:5,(anonymous_5)
DA:3,5
DA:4,5
DA:5,5
DA:10,5
DA:12,5
DA:26,7
DA:37,7
DA:39,7
DA:41,4
DA:42,4
DA:43,3
DA:44,3
DA:48,4
DA:60,19
DA:66,19
DA:67,1
DA:70,18
DA:72,18
DA:96,18
DA:98,18
DA:107,2
DA:117,2
DA:129,5
DA:139,5
DA:141,5
DA:143,3
DA:164,8
DA:165,2
DA:168,8
DA:175,7
DA:177,7
DA:186,7
DA:187,7
DA:189,7
DA:191,5
DA:192,5
DA:198,5
DA:204,5
DA:206,5
DA:211,5
LF:40
LH:40
BRDA:39,0,0,4
BRDA:39,0,1,3
BRDA:42,1,0,3
BRDA:42,1,1,1
BRDA:66,2,0,1
BRDA:66,2,1,18
BRDA:141,3,0,2
BRDA:141,3,1,3
BRDA:164,4,0,2
BRDA:164,4,1,6
BRDA:189,5,0,2
BRDA:189,5,1,5
BRDA:206,6,0,2
BRDA:206,6,1,3
BRF:14
BRH:14
end_of_record
TN:
SF:routes/_testCommon.js
FN:8,commonBeforeAll
FN:73,commonBeforeEach
FN:77,commonAfterEach
FN:81,commonAfterAll
FNF:4
FNH:4
FNDA:3,commonBeforeAll
FNDA:57,commonBeforeEach
FNDA:57,commonAfterEach
FNDA:3,commonAfterAll
DA:3,3
DA:4,3
DA:5,3
DA:6,3
DA:10,3
DA:12,3
DA:14,3
DA:22,3
DA:30,3
DA:39,3
DA:47,3
DA:55,3
DA:63,3
DA:74,57
DA:78,57
DA:82,3
DA:86,3
DA:87,3
DA:90,3
LF:19
LH:19
BRF:0
BRH:0
end_of_record
TN:
SF:routes/auth.js
FN:22,(anonymous_0)
FN:29,(anonymous_1)
FN:49,(anonymous_2)
FN:56,(anonymous_3)
FNF:4
FNH:4
FNDA:5,(anonymous_0)
FNDA:2,(anonymous_1)
FNDA:3,(anonymous_2)
FNDA:5,(anonymous_3)
DA:5,4
DA:7,4
DA:8,4
DA:9,4
DA:10,4
DA:11,4
DA:12,4
DA:13,4
DA:22,4
DA:23,5
DA:28,5
DA:29,2
DA:30,2
DA:33,3
DA:34,3
DA:35,1
DA:36,1
DA:49,4
DA:50,3
DA:55,3
DA:56,5
DA:57,2
DA:60,1
DA:61,1
DA:62,1
DA:66,4
LF:26
LH:26
BRDA:28,0,0,2
BRDA:28,0,1,3
BRDA:55,1,0,2
BRDA:55,1,1,1
BRF:4
BRH:4
end_of_record
TN:
SF:routes/companies.js
FN:28,(anonymous_0)
FN:35,(anonymous_1)
FN:54,(anonymous_2)
FN:69,(anonymous_3)
FN:86,(anonymous_4)
FN:104,(anonymous_5)
FN:111,(anonymous_6)
FN:126,(anonymous_7)
FNF:8
FNH:8
FNDA:3,(anonymous_0)
FNDA:3,(anonymous_1)
FNDA:6,(anonymous_2)
FNDA:2,(anonymous_3)
FNDA:3,(anonymous_4)
FNDA:4,(anonymous_5)
FNDA:2,(anonymous_6)
FNDA:2,(anonymous_7)
DA:5,4
DA:6,4
DA:8,4
DA:9,4
DA:10,4
DA:12,4
DA:13,4
DA:14,4
DA:16,4
DA:28,4
DA:29,3
DA:34,3
DA:35,3
DA:36,2
DA:39,1
DA:40,1
DA:54,4
DA:55,6
DA:56,6
DA:57,3
DA:59,6
DA:60,1
DA:63,6
DA:68,6
DA:69,2
DA:70,2
DA:73,4
DA:75,3
DA:86,4
DA:87,3
DA:88,2
DA:102,4
DA:105,4
DA:110,4
DA:111,2
DA:112,2
DA:115,2
DA:116,1
DA:124,4
DA:127,2
DA:128,1
DA:132,4
LF:42
LH:42
BRDA:34,0,0,2
BRDA:34,0,1,1
BRDA:56,1,0,3
BRDA:56,1,1,3
BRDA:59,2,0,1
BRDA:59,2,1,5
BRDA:68,3,0,2
BRDA:68,3,1,4
BRDA:110,4,0,2
BRDA:110,4,1,2
BRF:10
BRH:10
end_of_record
TN:
SF:routes/users.js
FN:32,(anonymous_0)
FN:39,(anonymous_1)
FN:56,(anonymous_2)
FN:69,(anonymous_3)
FN:85,(anonymous_4)
FN:92,(anonymous_5)
FN:106,(anonymous_6)
FNF:7
FNH:7
FNDA:4,(anonymous_0)
FNDA:5,(anonymous_1)
FNDA:1,(anonymous_2)
FNDA:3,(anonymous_3)
FNDA:5,(anonymous_4)
FNDA:1,(anonymous_5)
FNDA:3,(anonymous_6)
DA:5,4
DA:7,4
DA:10,4
DA:11,4
DA:12,4
DA:13,4
DA:14,4
DA:15,4
DA:17,4
DA:32,4
DA:33,4
DA:38,4
DA:39,5
DA:40,2
DA:43,2
DA:44,2
DA:45,2
DA:56,4
DA:57,1
DA:58,1
DA:69,4
DA:70,3
DA:71,2
DA:85,4
DA:86,5
DA:91,5
DA:92,1
DA:93,1
DA:96,4
DA:97,3
DA:106,4
DA:107,3
DA:108,2
DA:112,4
LF:34
LH:34
BRDA:38,0,0,2
BRDA:38,0,1,2
BRDA:91,1,0,1
BRDA:91,1,1,4
BRF:4
BRH:4
end_of_record
